  AudioManager.cpp
  Collider.cpp
  Collision.cpp
  CollisionManager.cpp
  DrawManager.cpp
  EngineEntry.cpp
  Entity.cpp
  ErrorLogger.cpp
  IDrawable.cpp
  InputManager.cpp
  IObject.cpp
  KeyboardManager.cpp
  MouseManager.cpp
  MusicClip.cpp
  Object.cpp
  SoundClip.cpp
  Sprite.cpp
C:\DEV\T2_SDL_Shmup\T2Engine\DrawManager.cpp(38,34): warning C4244: '=': conversion from 'double' to 'int', possible loss of data
C:\DEV\T2_SDL_Shmup\T2Engine\Sprite.cpp(22,23): warning C4267: '=': conversion from 'size_t' to 'int', possible loss of data
  T2Engine.cpp
  TextManager.cpp
  Timer.cpp
  Generating Code...
  Compiling...
  EngineEntry.h
  Generating Code...
C:\DEV\T2_SDL_Shmup\T2Engine\Sprite.cpp(43,23): warning C4267: 'return': conversion from 'size_t' to 'int', possible loss of data
C:\DEV\T2_SDL_Shmup\intermediate\Debug-x64\T2Engine\EngineEntry.obj : warning LNK4042: object specified more than once; extras ignored
SDL2_image.lib(SDL2_image.dll) : warning LNK4006: __NULL_IMPORT_DESCRIPTOR already defined in SDL2.lib(SDL2.dll); second definition ignored
SDL2_ttf.lib(SDL2_ttf.dll) : warning LNK4006: __NULL_IMPORT_DESCRIPTOR already defined in SDL2.lib(SDL2.dll); second definition ignored
SDL2_mixer.lib(SDL2_mixer.dll) : warning LNK4006: __NULL_IMPORT_DESCRIPTOR already defined in SDL2.lib(SDL2.dll); second definition ignored
  T2Engine.vcxproj -> C:\DEV\T2_SDL_Shmup\binaries\Debug-x64\T2Engine\T2Engine.lib
