c:\users\leon.andersson\source\repos\t2shmupgame\intermediate\debug-x64\t2engine\t2engine.pdb
c:\users\leon.andersson\source\repos\t2shmupgame\intermediate\debug-x64\t2engine\t2engine.idb
c:\users\leon.andersson\source\repos\t2shmupgame\intermediate\debug-x64\t2engine\soundclip.obj
c:\users\leon.andersson\source\repos\t2shmupgame\intermediate\debug-x64\t2engine\objectpool.obj
c:\users\leon.andersson\source\repos\t2shmupgame\intermediate\debug-x64\t2engine\object.obj
c:\users\leon.andersson\source\repos\t2shmupgame\intermediate\debug-x64\t2engine\musicclip.obj
c:\users\leon.andersson\source\repos\t2shmupgame\intermediate\debug-x64\t2engine\mousemanager.obj
c:\users\leon.andersson\source\repos\t2shmupgame\intermediate\debug-x64\t2engine\keyboardmanager.obj
c:\users\leon.andersson\source\repos\t2shmupgame\intermediate\debug-x64\t2engine\iobject.obj
c:\users\leon.andersson\source\repos\t2shmupgame\intermediate\debug-x64\t2engine\inputmanager.obj
c:\users\leon.andersson\source\repos\t2shmupgame\intermediate\debug-x64\t2engine\idrawable.obj
c:\users\leon.andersson\source\repos\t2shmupgame\intermediate\debug-x64\t2engine\factorymanager.obj
c:\users\leon.andersson\source\repos\t2shmupgame\intermediate\debug-x64\t2engine\errorlogger.obj
c:\users\leon.andersson\source\repos\t2shmupgame\intermediate\debug-x64\t2engine\entity.obj
c:\users\leon.andersson\source\repos\t2shmupgame\intermediate\debug-x64\t2engine\engineentry.obj
c:\users\leon.andersson\source\repos\t2shmupgame\intermediate\debug-x64\t2engine\drawmanager.obj
c:\users\leon.andersson\source\repos\t2shmupgame\intermediate\debug-x64\t2engine\collisionmanager.obj
c:\users\leon.andersson\source\repos\t2shmupgame\intermediate\debug-x64\t2engine\collision.obj
c:\users\leon.andersson\source\repos\t2shmupgame\intermediate\debug-x64\t2engine\collider.obj
c:\users\leon.andersson\source\repos\t2shmupgame\intermediate\debug-x64\t2engine\audiomanager.obj
c:\users\leon.andersson\source\repos\t2shmupgame\intermediate\debug-x64\t2engine\afactory.obj
c:\users\leon.andersson\source\repos\t2shmupgame\intermediate\debug-x64\t2engine\abstractstate.obj
c:\users\leon.andersson\source\repos\t2shmupgame\intermediate\debug-x64\t2engine\ui_buttonmanager.obj
c:\users\leon.andersson\source\repos\t2shmupgame\intermediate\debug-x64\t2engine\ui_button.obj
c:\users\leon.andersson\source\repos\t2shmupgame\intermediate\debug-x64\t2engine\timer.obj
c:\users\leon.andersson\source\repos\t2shmupgame\intermediate\debug-x64\t2engine\textmanager.obj
c:\users\leon.andersson\source\repos\t2shmupgame\intermediate\debug-x64\t2engine\t2engine.obj
c:\users\leon.andersson\source\repos\t2shmupgame\intermediate\debug-x64\t2engine\statemanager.obj
c:\users\leon.andersson\source\repos\t2shmupgame\intermediate\debug-x64\t2engine\sprite.obj
c:\users\leon.andersson\source\repos\t2shmupgame\binaries\debug-x64\t2engine\t2engine.lib
c:\users\leon.andersson\source\repos\t2shmupgame\binaries\debug-x64\t2engine\t2engine.pdb
c:\users\leon.andersson\source\repos\t2shmupgame\intermediate\debug-x64\t2engine\t2engine.tlog\cl.command.1.tlog
c:\users\leon.andersson\source\repos\t2shmupgame\intermediate\debug-x64\t2engine\t2engine.tlog\cl.read.1.tlog
c:\users\leon.andersson\source\repos\t2shmupgame\intermediate\debug-x64\t2engine\t2engine.tlog\cl.write.1.tlog
c:\users\leon.andersson\source\repos\t2shmupgame\intermediate\debug-x64\t2engine\t2engine.tlog\lib-link.read.1.tlog
c:\users\leon.andersson\source\repos\t2shmupgame\intermediate\debug-x64\t2engine\t2engine.tlog\lib-link.write.1.tlog
c:\users\leon.andersson\source\repos\t2shmupgame\intermediate\debug-x64\t2engine\t2engine.tlog\lib.command.1.tlog
